<?xml version="1.0" encoding="UTF-8"?>
<testsuite xmlns:xsi="http://www.w3.org/2001/XMLSchema-instance" xsi:noNamespaceSchemaLocation="https://maven.apache.org/surefire/maven-surefire-plugin/xsd/surefire-test-report-3.0.xsd" version="3.0" name="com.p9oc.risk.RiskApplicationTests" time="0.97" tests="1" errors="0" skipped="0" failures="0">
  <properties>
[...]
</properties>
  <testcase name="contextLoads" classname="com.p9oc.risk.RiskApplicationTests" time="0.005">
    <system-out><![CDATA[2026-01-03T22:31:54.783+01:00  INFO 20888 --- [risk] [           main] t.c.s.AnnotationConfigContextLoaderUtils : Could not detect default configuration classes for test class [com.p9oc.risk.RiskApplicationTests]: RiskApplicationTests does not declare any static, non-private, non-final, nested classes annotated with @Configuration.
2026-01-03T22:31:54.816+01:00  INFO 20888 --- [risk] [           main] .b.t.c.SpringBootTestContextBootstrapper : Found @SpringBootConfiguration com.p9oc.risk.RiskApplication for test class com.p9oc.risk.RiskApplicationTests

  .   ____          _            __ _ _
 /\\ / ___'_ __ _ _(_)_ __  __ _ \ \ \ \
( ( )\___ | '_ | '_| | '_ \/ _` | \ \ \ \
 \\/  ___)| |_)| | | | | || (_| |  ) ) ) )
  '  |____| .__|_| |_|_| |_\__, | / / / /
 =========|_|==============|___/=/_/_/_/
 :: Spring Boot ::                (v3.2.3)

2026-01-03T22:31:54.891+01:00  INFO 20888 --- [risk] [           main] com.p9oc.risk.RiskApplicationTests       : Starting RiskApplicationTests using Java 21.0.6 with PID 20888 (started by Moi in D:\data\IntellijiHome\IdeaProjects\MediLaboP9\Riskms)
2026-01-03T22:31:54.891+01:00  INFO 20888 --- [risk] [           main] com.p9oc.risk.RiskApplicationTests       : No active profile set, falling back to 1 default profile: "default"
2026-01-03T22:31:55.255+01:00  INFO 20888 --- [risk] [           main] o.s.cloud.context.scope.GenericScope     : BeanFactory id=596a35de-758a-3f54-b459-05c73d509c80
2026-01-03T22:31:55.742+01:00  INFO 20888 --- [risk] [           main] com.p9oc.risk.RiskApplicationTests       : Started RiskApplicationTests in 0.906 seconds (process running for 5.925)
]]></system-out>
  </testcase>
</testsuite>